Log file open, 01/26/19 03:17:13
LogWindows: Failed to load 'aqProf.dll' (GetLastError=126)
LogWindows: File 'aqProf.dll' does not exist
LogWindows: Failed to load 'VtuneApi.dll' (GetLastError=126)
LogWindows: File 'VtuneApi.dll' does not exist
LogWindows: Failed to load 'VtuneApi32e.dll' (GetLastError=126)
LogWindows: File 'VtuneApi32e.dll' does not exist
LogConsoleResponse: Display: Failed to find resolution value strings in scalability ini. Falling back to default.
LogInit: Display: Running engine for game: GGJ2019_Project
LogPakFile: Registered encryption key '00000000000000000000000000000000': 0 pak files mounted, 0 remain pending
LogPlatformFile: Not using cached read wrapper
LogTaskGraph: Started task graph with 5 named threads and 23 total threads with 3 sets of task threads.
LogStats: Stats thread started at 0.346041
LogD3D11RHI: Loaded GFSDK_Aftermath_Lib.x64.dll
LogICUInternationalization: ICU TimeZone Detection - Raw Offset: +1:00, Platform Override: ''
LogPluginManager: Mounting plugin Paper2D
LogPluginManager: Mounting plugin AISupport
LogPluginManager: Mounting plugin LightPropagationVolume
LogPluginManager: Mounting plugin ActorLayerUtilities
LogPluginManager: Mounting plugin CLionSourceCodeAccess
LogPluginManager: Mounting plugin CodeLiteSourceCodeAccess
LogPluginManager: Mounting plugin GitSourceControl
LogPluginManager: Mounting plugin KDevelopSourceCodeAccess
LogPluginManager: Mounting plugin NullSourceCodeAccess
LogPluginManager: Mounting plugin PerforceSourceControl
LogPluginManager: Mounting plugin SubversionSourceControl
LogPluginManager: Mounting plugin UObjectPlugin
LogPluginManager: Mounting plugin VisualStudioCodeSourceCodeAccess
LogPluginManager: Mounting plugin VisualStudioSourceCodeAccess
LogPluginManager: Mounting plugin XCodeSourceCodeAccess
LogPluginManager: Mounting plugin AssetManagerEditor
LogPluginManager: Mounting plugin CryptoKeys
LogPluginManager: Mounting plugin DataValidation
LogPluginManager: Mounting plugin FacialAnimation
LogPluginManager: Mounting plugin GameplayTagsEditor
LogPluginManager: Mounting plugin MacGraphicsSwitching
LogPluginManager: Mounting plugin MeshEditor
LogPluginManager: Mounting plugin MobileLauncherProfileWizard
LogPluginManager: Mounting plugin PluginBrowser
LogPluginManager: Mounting plugin SpeedTreeImporter
LogPluginManager: Mounting plugin DatasmithContent
LogPluginManager: Mounting plugin VariantManagerContent
LogPluginManager: Mounting plugin AlembicImporter
LogPluginManager: Mounting plugin AppleImageUtils
LogPluginManager: Mounting plugin AppleVision
LogPluginManager: Mounting plugin BackChannel
LogPluginManager: Mounting plugin CharacterAI
LogPluginManager: Mounting plugin GeometryCache
LogPluginManager: Mounting plugin HTML5Networking
LogPluginManager: Mounting plugin ProxyLODPlugin
LogPluginManager: Mounting plugin MagicLeap
LogPluginManager: Mounting plugin MagicLeapMedia
LogPluginManager: Mounting plugin AndroidMedia
LogPluginManager: Mounting plugin AvfMedia
LogPluginManager: Mounting plugin ImgMedia
LogPluginManager: Mounting plugin LinearTimecode
LogPluginManager: Mounting plugin MediaCompositing
LogPluginManager: Mounting plugin MediaPlayerEditor
LogPluginManager: Mounting plugin WebMMedia
LogPluginManager: Mounting plugin WmfMedia
LogPluginManager: Mounting plugin TcpMessaging
LogPluginManager: Mounting plugin UdpMessaging
LogPluginManager: Mounting plugin ActorSequence
LogPluginManager: Mounting plugin LevelSequenceEditor
LogPluginManager: Mounting plugin MatineeToLevelSequence
LogPluginManager: Mounting plugin NetcodeUnitTest
LogPluginManager: Mounting plugin NUTUnrealEngine4
LogPluginManager: Mounting plugin OnlineSubsystemGooglePlay
LogPluginManager: Mounting plugin OnlineSubsystemIOS
LogPluginManager: Mounting plugin OnlineSubsystem
LogPluginManager: Mounting plugin OnlineSubsystemNull
LogPluginManager: Mounting plugin OnlineSubsystemUtils
LogPluginManager: Mounting plugin LauncherChunkInstaller
LogPluginManager: Mounting plugin AndroidDeviceProfileSelector
LogPluginManager: Mounting plugin AndroidMoviePlayer
LogPluginManager: Mounting plugin AndroidPermission
LogPluginManager: Mounting plugin AppleMoviePlayer
LogPluginManager: Mounting plugin ArchVisCharacter
LogPluginManager: Mounting plugin AudioCapture
LogPluginManager: Mounting plugin CableComponent
LogPluginManager: Mounting plugin CustomMeshComponent
LogPluginManager: Mounting plugin EditableMesh
LogPluginManager: Mounting plugin ExampleDeviceProfileSelector
LogPluginManager: Mounting plugin Firebase
LogPluginManager: Mounting plugin GoogleCloudMessaging
LogPluginManager: Mounting plugin IOSDeviceProfileSelector
LogPluginManager: Mounting plugin LinuxDeviceProfileSelector
LogPluginManager: Mounting plugin LocationServicesBPLibrary
LogPluginManager: Mounting plugin MobilePatchingUtils
LogPluginManager: Mounting plugin OculusVR
LogPluginManager: Mounting plugin PhysXVehicles
LogPluginManager: Mounting plugin ProceduralMeshComponent
LogPluginManager: Mounting plugin RuntimePhysXCooking
LogPluginManager: Mounting plugin SteamVR
LogPluginManager: Mounting plugin WebMMoviePlayer
LogPluginManager: Mounting plugin WindowsMoviePlayer
LogStreaming: Display: Took  0.136s to configure plugins.
LogInit: Using libcurl 7.55.1-DEV
LogInit:  - built for x86_64-pc-win32
LogInit:  - supports SSL with OpenSSL/1.0.2h
LogInit:  - supports HTTP deflate (compression) using libz 1.2.8
LogInit:  - other features:
LogInit:      CURL_VERSION_SSL
LogInit:      CURL_VERSION_LIBZ
LogInit:      CURL_VERSION_IPV6
LogInit:      CURL_VERSION_ASYNCHDNS
LogInit:      CURL_VERSION_LARGEFILE
LogInit:      CURL_VERSION_IDN
LogInit:  CurlRequestOptions (configurable via config and command line):
LogInit:  - bVerifyPeer = true  - Libcurl will verify peer certificate
LogInit:  - bUseHttpProxy = false  - Libcurl will NOT use HTTP proxy
LogInit:  - bDontReuseConnections = false  - Libcurl will reuse connections
LogInit:  - MaxHostConnections = 16  - Libcurl will limit the number of connections to a host
LogInit:  - LocalHostAddr = Default
LogInit:  - BufferSize = 65536
LogInit: WinSock: version 1.1 (2.2), MaxSocks=32767, MaxUdp=65467
LogInit: Build: ++UE4+Release-4.21-CL-4753647
LogInit: Engine Version: 4.21.2-4753647+++UE4+Release-4.21
LogInit: Compatible Engine Version: 4.21.0-4541578+++UE4+Release-4.21
LogInit: Net CL: 4541578
LogInit: OS: Windows 10 (), CPU: Intel(R) Core(TM) i7-7700HQ CPU @ 2.80GHz, GPU: Intel(R) HD Graphics 630
LogInit: Compiled (64-bit): Jan 19 2019 02:07:31
LogInit: Compiled with Visual C++: 19.13.26129.00
LogInit: Build Configuration: Development
LogInit: Branch Name: ++UE4+Release-4.21
LogInit: Command Line:  -EpicPortal -epicusername=Lisouille -epicuserid=6f96467b96c346e9aa464e8e5556c432 -epiclocale=fr-FR
LogInit: Base Directory: D:/Epic Games/UE_4.21/Engine/Binaries/Win64/
LogInit: Installed Engine Build: 1
LogDevObjectVersion: Number of dev versions registered: 22
LogDevObjectVersion:   Dev-Blueprints (B0D832E4-1F89-4F0D-ACCF-7EB736FD4AA2): 10
LogDevObjectVersion:   Dev-Build (E1C64328-A22C-4D53-A36C-8E866417BD8C): 0
LogDevObjectVersion:   Dev-Core (375EC13C-06E4-48FB-B500-84F0262A717E): 2
LogDevObjectVersion:   Dev-Editor (E4B068ED-F494-42E9-A231-DA0B2E46BB41): 26
LogDevObjectVersion:   Dev-Framework (CFFC743F-43B0-4480-9391-14DF171D2073): 34
LogDevObjectVersion:   Dev-Mobile (B02B49B5-BB20-44E9-A304-32B752E40360): 2
LogDevObjectVersion:   Dev-Networking (A4E4105C-59A1-49B5-A7C5-40C4547EDFEE): 0
LogDevObjectVersion:   Dev-Online (39C831C9-5AE6-47DC-9A44-9C173E1C8E7C): 0
LogDevObjectVersion:   Dev-Physics (78F01B33-EBEA-4F98-B9B4-84EACCB95AA2): 0
LogDevObjectVersion:   Dev-Platform (6631380F-2D4D-43E0-8009-CF276956A95A): 0
LogDevObjectVersion:   Dev-Rendering (12F88B9F-8875-4AFC-A67C-D90C383ABD29): 27
LogDevObjectVersion:   Dev-Sequencer (7B5AE74C-D270-4C10-A958-57980B212A5A): 9
LogDevObjectVersion:   Dev-VR (D7296918-1DD6-4BDD-9DE2-64A83CC13884): 2
LogDevObjectVersion:   Dev-LoadTimes (C2A15278-BFE7-4AFE-6C17-90FF531DF755): 1
LogDevObjectVersion:   Private-Geometry (6EACA3D4-40EC-4CC1-B786-8BED09428FC5): 3
LogDevObjectVersion:   Dev-AnimPhys (29E575DD-E0A3-4627-9D10-D276232CDCEA): 17
LogDevObjectVersion:   Dev-Anim (AF43A65D-7FD3-4947-9873-3E8ED9C1BB05): 2
LogDevObjectVersion:   Dev-ReflectionCapture (6B266CEC-1EC7-4B8F-A30B-E4D90942FC07): 1
LogDevObjectVersion:   Dev-Automation (0DF73D61-A23F-47EA-B727-89E90C41499A): 1
LogDevObjectVersion:   FortniteMain (601D1886-AC64-4F84-AA16-D3DE0DEAC7D6): 17
LogDevObjectVersion:   Dev-Enterprise (9DFFBCD6-494F-0158-E221-12823C92A888): 4
LogDevObjectVersion:   Dev-Niagara (F2AED0AC-9AFE-416F-8664-AA7FFA26D6FC): 1
LogStreaming: Display: Took  0.000s to delete old logs.
LogInit: Presizing for max 8388607 objects, including 0 objects not considered by GC, pre-allocating 0 bytes for permanent pool.
LogInit: Object subsystem initialized
LogConfig: Setting CVar [[con.DebugEarlyDefault:1]]
LogConfig: Setting CVar [[r.setres:1280x720]]
[2019.01.26-02.17.14:152][  0]LogConfig: Setting CVar [[r.VSync:0]]
[2019.01.26-02.17.14:153][  0]LogConfig: Setting CVar [[r.RHICmdBypass:0]]
[2019.01.26-02.17.14:153][  0]LogConfig: Applying CVar settings from Section [/Script/Engine.RendererSettings] File [D:/GameJam/GGJ-EnfantsTerribles/GGJ2019_Project/Saved/Config/Windows/Engine.ini]
[2019.01.26-02.17.14:153][  0]LogConfig: Setting CVar [[r.GPUCrashDebugging:0]]
[2019.01.26-02.17.14:153][  0]LogConfig: Applying CVar settings from Section [/Script/Engine.RendererOverrideSettings] File [D:/GameJam/GGJ-EnfantsTerribles/GGJ2019_Project/Saved/Config/Windows/Engine.ini]
[2019.01.26-02.17.14:153][  0]LogConfig: Applying CVar settings from Section [/Script/Engine.StreamingSettings] File [D:/GameJam/GGJ-EnfantsTerribles/GGJ2019_Project/Saved/Config/Windows/Engine.ini]
[2019.01.26-02.17.14:153][  0]LogConfig: Setting CVar [[s.MinBulkDataSizeForAsyncLoading:131072]]
[2019.01.26-02.17.14:153][  0]LogConfig: Setting CVar [[s.AsyncLoadingThreadEnabled:0]]
[2019.01.26-02.17.14:153][  0]LogConfig: Setting CVar [[s.EventDrivenLoaderEnabled:1]]
[2019.01.26-02.17.14:153][  0]LogConfig: Setting CVar [[s.WarnIfTimeLimitExceeded:0]]
[2019.01.26-02.17.14:153][  0]LogConfig: Setting CVar [[s.TimeLimitExceededMultiplier:1.5]]
[2019.01.26-02.17.14:153][  0]LogConfig: Setting CVar [[s.TimeLimitExceededMinTime:0.005]]
[2019.01.26-02.17.14:153][  0]LogConfig: Setting CVar [[s.UseBackgroundLevelStreaming:1]]
[2019.01.26-02.17.14:153][  0]LogConfig: Setting CVar [[s.PriorityAsyncLoadingExtraTime:15.0]]
[2019.01.26-02.17.14:153][  0]LogConfig: Setting CVar [[s.LevelStreamingActorsUpdateTimeLimit:5.0]]
[2019.01.26-02.17.14:153][  0]LogConfig: Setting CVar [[s.PriorityLevelStreamingActorsUpdateExtraTime:5.0]]
[2019.01.26-02.17.14:153][  0]LogConfig: Setting CVar [[s.LevelStreamingComponentsRegistrationGranularity:10]]
[2019.01.26-02.17.14:153][  0]LogConfig: Setting CVar [[s.UnregisterComponentsTimeLimit:1.0]]
[2019.01.26-02.17.14:153][  0]LogConfig: Setting CVar [[s.LevelStreamingComponentsUnregistrationGranularity:5]]
[2019.01.26-02.17.14:153][  0]LogConfig: Applying CVar settings from Section [/Script/Engine.GarbageCollectionSettings] File [D:/GameJam/GGJ-EnfantsTerribles/GGJ2019_Project/Saved/Config/Windows/Engine.ini]
[2019.01.26-02.17.14:153][  0]LogConfig: Setting CVar [[gc.MaxObjectsNotConsideredByGC:1]]
[2019.01.26-02.17.14:153][  0]LogConfig: Setting CVar [[gc.SizeOfPermanentObjectPool:0]]
[2019.01.26-02.17.14:153][  0]LogConfig: Setting CVar [[gc.FlushStreamingOnGC:0]]
[2019.01.26-02.17.14:153][  0]LogConfig: Setting CVar [[gc.NumRetriesBeforeForcingGC:10]]
[2019.01.26-02.17.14:153][  0]LogConfig: Setting CVar [[gc.AllowParallelGC:1]]
[2019.01.26-02.17.14:153][  0]LogConfig: Setting CVar [[gc.TimeBetweenPurgingPendingKillObjects:61.1]]
[2019.01.26-02.17.14:153][  0]LogConfig: Setting CVar [[gc.MaxObjectsInEditor:8388607]]
[2019.01.26-02.17.14:153][  0]LogConfig: Setting CVar [[gc.IncrementalBeginDestroyEnabled:1]]
[2019.01.26-02.17.14:153][  0]LogConfig: Setting CVar [[gc.CreateGCClusters:1]]
[2019.01.26-02.17.14:153][  0]LogConfig: Setting CVar [[gc.MergeGCClusters:0]]
[2019.01.26-02.17.14:153][  0]LogConfig: Setting CVar [[gc.MinGCClusterSize:5]]
[2019.01.26-02.17.14:153][  0]LogConfig: Setting CVar [[gc.ActorClusteringEnabled:0]]
[2019.01.26-02.17.14:153][  0]LogConfig: Setting CVar [[gc.BlueprintClusteringEnabled:0]]
[2019.01.26-02.17.14:153][  0]LogConfig: Setting CVar [[gc.UseDisregardForGCOnDedicatedServers:0]]
[2019.01.26-02.17.14:153][  0]LogConfig: Applying CVar settings from Section [/Script/Engine.NetworkSettings] File [D:/GameJam/GGJ-EnfantsTerribles/GGJ2019_Project/Saved/Config/Windows/Engine.ini]
[2019.01.26-02.17.14:153][  0]LogConfig: Applying CVar settings from Section [/Script/UnrealEd.CookerSettings] File [D:/GameJam/GGJ-EnfantsTerribles/GGJ2019_Project/Saved/Config/Windows/Engine.ini]
[2019.01.26-02.17.14:158][  0]LogConfig: Applying CVar settings from Section [ViewDistanceQuality@3] File [D:/GameJam/GGJ-EnfantsTerribles/GGJ2019_Project/Saved/Config/Windows/Scalability.ini]
[2019.01.26-02.17.14:158][  0]LogConfig: Setting CVar [[r.SkeletalMeshLODBias:0]]
[2019.01.26-02.17.14:158][  0]LogConfig: Setting CVar [[r.ViewDistanceScale:1.0]]
[2019.01.26-02.17.14:158][  0]LogConfig: Applying CVar settings from Section [AntiAliasingQuality@3] File [D:/GameJam/GGJ-EnfantsTerribles/GGJ2019_Project/Saved/Config/Windows/Scalability.ini]
[2019.01.26-02.17.14:158][  0]LogConfig: Setting CVar [[r.PostProcessAAQuality:4]]
[2019.01.26-02.17.14:158][  0]LogConfig: Applying CVar settings from Section [ShadowQuality@3] File [D:/GameJam/GGJ-EnfantsTerribles/GGJ2019_Project/Saved/Config/Windows/Scalability.ini]
[2019.01.26-02.17.14:158][  0]LogConfig: Setting CVar [[r.LightFunctionQuality:1]]
[2019.01.26-02.17.14:158][  0]LogConfig: Setting CVar [[r.ShadowQuality:5]]
[2019.01.26-02.17.14:158][  0]LogConfig: Setting CVar [[r.Shadow.CSM.MaxCascades:10]]
[2019.01.26-02.17.14:158][  0]LogConfig: Setting CVar [[r.Shadow.MaxResolution:2048]]
[2019.01.26-02.17.14:158][  0]LogConfig: Setting CVar [[r.Shadow.MaxCSMResolution:2048]]
[2019.01.26-02.17.14:158][  0]LogConfig: Setting CVar [[r.Shadow.RadiusThreshold:0.01]]
[2019.01.26-02.17.14:158][  0]LogConfig: Setting CVar [[r.Shadow.DistanceScale:1.0]]
[2019.01.26-02.17.14:158][  0]LogConfig: Setting CVar [[r.Shadow.CSM.TransitionScale:1.0]]
[2019.01.26-02.17.14:159][  0]LogConfig: Setting CVar [[r.Shadow.PreShadowResolutionFactor:1.0]]
[2019.01.26-02.17.14:159][  0]LogConfig: Setting CVar [[r.DistanceFieldShadowing:1]]
[2019.01.26-02.17.14:159][  0]LogConfig: Setting CVar [[r.DistanceFieldAO:1]]
[2019.01.26-02.17.14:159][  0]LogConfig: Setting CVar [[r.AOQuality:2]]
[2019.01.26-02.17.14:159][  0]LogConfig: Setting CVar [[r.VolumetricFog:1]]
[2019.01.26-02.17.14:159][  0]LogConfig: Setting CVar [[r.VolumetricFog.GridPixelSize:8]]
[2019.01.26-02.17.14:159][  0]LogConfig: Setting CVar [[r.VolumetricFog.GridSizeZ:128]]
[2019.01.26-02.17.14:159][  0]LogConfig: Setting CVar [[r.VolumetricFog.HistoryMissSupersampleCount:4]]
[2019.01.26-02.17.14:159][  0]LogConfig: Setting CVar [[r.LightMaxDrawDistanceScale:1]]
[2019.01.26-02.17.14:159][  0]LogConfig: Setting CVar [[r.CapsuleShadows:1]]
[2019.01.26-02.17.14:159][  0]LogConfig: Applying CVar settings from Section [PostProcessQuality@3] File [D:/GameJam/GGJ-EnfantsTerribles/GGJ2019_Project/Saved/Config/Windows/Scalability.ini]
[2019.01.26-02.17.14:159][  0]LogConfig: Setting CVar [[r.MotionBlurQuality:4]]
[2019.01.26-02.17.14:159][  0]LogConfig: Setting CVar [[r.AmbientOcclusionMipLevelFactor:0.4]]
[2019.01.26-02.17.14:159][  0]LogConfig: Setting CVar [[r.AmbientOcclusionMaxQuality:100]]
[2019.01.26-02.17.14:159][  0]LogConfig: Setting CVar [[r.AmbientOcclusionLevels:-1]]
[2019.01.26-02.17.14:159][  0]LogConfig: Setting CVar [[r.AmbientOcclusionRadiusScale:1.0]]
[2019.01.26-02.17.14:159][  0]LogConfig: Setting CVar [[r.DepthOfFieldQuality:2]]
[2019.01.26-02.17.14:159][  0]LogConfig: Setting CVar [[r.RenderTargetPoolMin:400]]
[2019.01.26-02.17.14:159][  0]LogConfig: Setting CVar [[r.LensFlareQuality:2]]
[2019.01.26-02.17.14:159][  0]LogConfig: Setting CVar [[r.SceneColorFringeQuality:1]]
[2019.01.26-02.17.14:159][  0]LogConfig: Setting CVar [[r.EyeAdaptationQuality:2]]
[2019.01.26-02.17.14:159][  0]LogConfig: Setting CVar [[r.BloomQuality:5]]
[2019.01.26-02.17.14:159][  0]LogConfig: Setting CVar [[r.FastBlurThreshold:100]]
[2019.01.26-02.17.14:159][  0]LogConfig: Setting CVar [[r.Upscale.Quality:3]]
[2019.01.26-02.17.14:159][  0]LogConfig: Setting CVar [[r.Tonemapper.GrainQuantization:1]]
[2019.01.26-02.17.14:159][  0]LogConfig: Setting CVar [[r.LightShaftQuality:1]]
[2019.01.26-02.17.14:159][  0]LogConfig: Setting CVar [[r.Filter.SizeScale:1]]
[2019.01.26-02.17.14:159][  0]LogConfig: Setting CVar [[r.Tonemapper.Quality:5]]
[2019.01.26-02.17.14:159][  0]LogConfig: Setting CVar [[r.DOF.Gather.AccumulatorQuality:1        ; higher gathering accumulator quality]]
[2019.01.26-02.17.14:159][  0]LogConfig: Setting CVar [[r.DOF.Gather.PostfilterMethod:1          ; Median3x3 postfilering method]]
[2019.01.26-02.17.14:159][  0]LogConfig: Setting CVar [[r.DOF.Gather.EnableBokehSettings:0       ; no bokeh simulation when gathering]]
[2019.01.26-02.17.14:159][  0]LogConfig: Setting CVar [[r.DOF.Gather.RingCount:4                 ; medium number of samples when gathering]]
[2019.01.26-02.17.14:159][  0]LogConfig: Setting CVar [[r.DOF.Scatter.ForegroundCompositing:1    ; additive foreground scattering]]
[2019.01.26-02.17.14:159][  0]LogConfig: Setting CVar [[r.DOF.Scatter.BackgroundCompositing:2    ; additive background scattering]]
[2019.01.26-02.17.14:159][  0]LogConfig: Setting CVar [[r.DOF.Scatter.EnableBokehSettings:1      ; bokeh simulation when scattering]]
[2019.01.26-02.17.14:159][  0]LogConfig: Setting CVar [[r.DOF.Scatter.MaxSpriteRatio:0.1         ; only a maximum of 10% of scattered bokeh]]
[2019.01.26-02.17.14:159][  0]LogConfig: Setting CVar [[r.DOF.Recombine.Quality:1                ; cheap slight out of focus]]
[2019.01.26-02.17.14:159][  0]LogConfig: Setting CVar [[r.DOF.Recombine.EnableBokehSettings:0    ; no bokeh simulation on slight out of focus]]
[2019.01.26-02.17.14:159][  0]LogConfig: Setting CVar [[r.DOF.TemporalAAQuality:1                ; more stable temporal accumulation]]
[2019.01.26-02.17.14:159][  0]LogConfig: Setting CVar [[r.DOF.Kernel.MaxForegroundRadius:0.025]]
[2019.01.26-02.17.14:159][  0]LogConfig: Setting CVar [[r.DOF.Kernel.MaxBackgroundRadius:0.025]]
[2019.01.26-02.17.14:159][  0]LogConfig: Applying CVar settings from Section [TextureQuality@3] File [D:/GameJam/GGJ-EnfantsTerribles/GGJ2019_Project/Saved/Config/Windows/Scalability.ini]
[2019.01.26-02.17.14:159][  0]LogConfig: Setting CVar [[r.Streaming.MipBias:0]]
[2019.01.26-02.17.14:159][  0]LogConfig: Setting CVar [[r.Streaming.AmortizeCPUToGPUCopy:0]]
[2019.01.26-02.17.14:159][  0]LogConfig: Setting CVar [[r.Streaming.MaxNumTexturesToStreamPerFrame:0]]
[2019.01.26-02.17.14:159][  0]LogConfig: Setting CVar [[r.Streaming.Boost:1]]
[2019.01.26-02.17.14:159][  0]LogConfig: Setting CVar [[r.MaxAnisotropy:8]]
[2019.01.26-02.17.14:159][  0]LogConfig: Setting CVar [[r.Streaming.LimitPoolSizeToVRAM:0]]
[2019.01.26-02.17.14:159][  0]LogConfig: Setting CVar [[r.Streaming.PoolSize:1000]]
[2019.01.26-02.17.14:159][  0]LogConfig: Setting CVar [[r.Streaming.MaxEffectiveScreenSize:0]]
[2019.01.26-02.17.14:159][  0]LogConfig: Applying CVar settings from Section [EffectsQuality@3] File [D:/GameJam/GGJ-EnfantsTerribles/GGJ2019_Project/Saved/Config/Windows/Scalability.ini]
[2019.01.26-02.17.14:159][  0]LogConfig: Setting CVar [[r.TranslucencyLightingVolumeDim:64]]
[2019.01.26-02.17.14:159][  0]LogConfig: Setting CVar [[r.RefractionQuality:2]]
[2019.01.26-02.17.14:159][  0]LogConfig: Setting CVar [[r.SSR.Quality:3]]
[2019.01.26-02.17.14:159][  0]LogConfig: Setting CVar [[r.SceneColorFormat:4]]
[2019.01.26-02.17.14:159][  0]LogConfig: Setting CVar [[r.DetailMode:2]]
[2019.01.26-02.17.14:159][  0]LogConfig: Setting CVar [[r.TranslucencyVolumeBlur:1]]
[2019.01.26-02.17.14:159][  0]LogConfig: Setting CVar [[r.MaterialQualityLevel:1 ; High quality]]
[2019.01.26-02.17.14:159][  0]LogConfig: Setting CVar [[r.SSS.Scale:1]]
[2019.01.26-02.17.14:159][  0]LogConfig: Setting CVar [[r.SSS.SampleSet:2]]
[2019.01.26-02.17.14:159][  0]LogConfig: Setting CVar [[r.SSS.Quality:1]]
[2019.01.26-02.17.14:159][  0]LogConfig: Setting CVar [[r.SSS.HalfRes:1]]
[2019.01.26-02.17.14:159][  0]LogConfig: Setting CVar [[r.EmitterSpawnRateScale:1.0]]
[2019.01.26-02.17.14:159][  0]LogConfig: Setting CVar [[r.ParticleLightQuality:2]]
[2019.01.26-02.17.14:159][  0]LogConfig: Applying CVar settings from Section [FoliageQuality@3] File [D:/GameJam/GGJ-EnfantsTerribles/GGJ2019_Project/Saved/Config/Windows/Scalability.ini]
[2019.01.26-02.17.14:159][  0]LogConfig: Setting CVar [[foliage.DensityScale:1.0]]
[2019.01.26-02.17.14:159][  0]LogConfig: Setting CVar [[grass.DensityScale:1.0]]
[2019.01.26-02.17.14:160][  0]LogInit: Selected Device Profile: [Windows]
[2019.01.26-02.17.14:160][  0]LogInit: Applying CVar settings loaded from the selected device profile: [Windows]
[2019.01.26-02.17.14:171][  0]LogHAL: Display: Platform has ~ 8 GB [8469508096 / 8589934592 / 8], which maps to Default [LargestMinGB=32, LargerMinGB=12, DefaultMinGB=8, SmallerMinGB=6, SmallestMinGB=0)
[2019.01.26-02.17.14:171][  0]LogConfig: Setting CVar [[r.Vulkan.UseRealUBs:1]]
[2019.01.26-02.17.14:171][  0]LogInit: Going up to parent DeviceProfile []
[2019.01.26-02.17.14:171][  0]LogConfig: Applying CVar settings from Section [ViewDistanceQuality@2] File [D:/GameJam/GGJ-EnfantsTerribles/GGJ2019_Project/Saved/Config/Windows/Scalability.ini]
[2019.01.26-02.17.14:171][  0]LogConfig: Setting CVar [[r.SkeletalMeshLODBias:0]]
[2019.01.26-02.17.14:171][  0]LogConfig: Setting CVar [[r.ViewDistanceScale:0.8]]
[2019.01.26-02.17.14:171][  0]LogConfig: Applying CVar settings from Section [AntiAliasingQuality@2] File [D:/GameJam/GGJ-EnfantsTerribles/GGJ2019_Project/Saved/Config/Windows/Scalability.ini]
[2019.01.26-02.17.14:171][  0]LogConfig: Setting CVar [[r.PostProcessAAQuality:3]]
[2019.01.26-02.17.14:171][  0]LogConfig: Applying CVar settings from Section [ShadowQuality@0] File [D:/GameJam/GGJ-EnfantsTerribles/GGJ2019_Project/Saved/Config/Windows/Scalability.ini]
[2019.01.26-02.17.14:171][  0]LogConfig: Setting CVar [[r.LightFunctionQuality:0]]
[2019.01.26-02.17.14:171][  0]LogConfig: Setting CVar [[r.ShadowQuality:0]]
[2019.01.26-02.17.14:171][  0]LogConfig: Setting CVar [[r.Shadow.CSM.MaxCascades:1]]
[2019.01.26-02.17.14:171][  0]LogConfig: Setting CVar [[r.Shadow.MaxResolution:512]]
[2019.01.26-02.17.14:171][  0]LogConfig: Setting CVar [[r.Shadow.MaxCSMResolution:512]]
[2019.01.26-02.17.14:171][  0]LogConfig: Setting CVar [[r.Shadow.RadiusThreshold:0.06]]
[2019.01.26-02.17.14:171][  0]LogConfig: Setting CVar [[r.Shadow.DistanceScale:0.6]]
[2019.01.26-02.17.14:171][  0]LogConfig: Setting CVar [[r.Shadow.CSM.TransitionScale:0]]
[2019.01.26-02.17.14:171][  0]LogConfig: Setting CVar [[r.Shadow.PreShadowResolutionFactor:0.5]]
[2019.01.26-02.17.14:171][  0]LogConfig: Setting CVar [[r.DistanceFieldShadowing:0]]
[2019.01.26-02.17.14:171][  0]LogConfig: Setting CVar [[r.DistanceFieldAO:0]]
[2019.01.26-02.17.14:171][  0]LogConfig: Setting CVar [[r.VolumetricFog:0]]
[2019.01.26-02.17.14:171][  0]LogConfig: Setting CVar [[r.LightMaxDrawDistanceScale:0]]
[2019.01.26-02.17.14:171][  0]LogConfig: Setting CVar [[r.CapsuleShadows:0]]
[2019.01.26-02.17.14:171][  0]LogConfig: Applying CVar settings from Section [PostProcessQuality@2] File [D:/GameJam/GGJ-EnfantsTerribles/GGJ2019_Project/Saved/Config/Windows/Scalability.ini]
[2019.01.26-02.17.14:171][  0]LogConfig: Setting CVar [[r.MotionBlurQuality:3]]
[2019.01.26-02.17.14:171][  0]LogConfig: Setting CVar [[r.AmbientOcclusionMipLevelFactor:0.6]]
[2019.01.26-02.17.14:171][  0]LogConfig: Setting CVar [[r.AmbientOcclusionMaxQuality:100]]
[2019.01.26-02.17.14:171][  0]LogConfig: Setting CVar [[r.AmbientOcclusionLevels:-1]]
[2019.01.26-02.17.14:171][  0]LogConfig: Setting CVar [[r.AmbientOcclusionRadiusScale:1.5]]
[2019.01.26-02.17.14:171][  0]LogConfig: Setting CVar [[r.DepthOfFieldQuality:2]]
[2019.01.26-02.17.14:171][  0]LogConfig: Setting CVar [[r.RenderTargetPoolMin:400]]
[2019.01.26-02.17.14:171][  0]LogConfig: Setting CVar [[r.LensFlareQuality:2]]
[2019.01.26-02.17.14:171][  0]LogConfig: Setting CVar [[r.SceneColorFringeQuality:1]]
[2019.01.26-02.17.14:171][  0]LogConfig: Setting CVar [[r.EyeAdaptationQuality:2]]
[2019.01.26-02.17.14:171][  0]LogConfig: Setting CVar [[r.BloomQuality:5]]
[2019.01.26-02.17.14:171][  0]LogConfig: Setting CVar [[r.FastBlurThreshold:3]]
[2019.01.26-02.17.14:171][  0]LogConfig: Setting CVar [[r.Upscale.Quality:2]]
[2019.01.26-02.17.14:171][  0]LogConfig: Setting CVar [[r.Tonemapper.GrainQuantization:1]]
[2019.01.26-02.17.14:171][  0]LogConfig: Setting CVar [[r.LightShaftQuality:1]]
[2019.01.26-02.17.14:171][  0]LogConfig: Setting CVar [[r.Filter.SizeScale:0.8]]
[2019.01.26-02.17.14:171][  0]LogConfig: Setting CVar [[r.Tonemapper.Quality:5]]
[2019.01.26-02.17.14:171][  0]LogConfig: Setting CVar [[r.DOF.Gather.AccumulatorQuality:0        ; lower gathering accumulator quality]]
[2019.01.26-02.17.14:171][  0]LogConfig: Setting CVar [[r.DOF.Gather.PostfilterMethod:2          ; Max3x3 postfilering method]]
[2019.01.26-02.17.14:171][  0]LogConfig: Setting CVar [[r.DOF.Gather.EnableBokehSettings:0       ; no bokeh simulation when gathering]]
[2019.01.26-02.17.14:171][  0]LogConfig: Setting CVar [[r.DOF.Gather.RingCount:4                 ; medium number of samples when gathering]]
[2019.01.26-02.17.14:171][  0]LogConfig: Setting CVar [[r.DOF.Scatter.ForegroundCompositing:1    ; additive foreground scattering]]
[2019.01.26-02.17.14:171][  0]LogConfig: Setting CVar [[r.DOF.Scatter.BackgroundCompositing:1    ; no background occlusion]]
[2019.01.26-02.17.14:171][  0]LogConfig: Setting CVar [[r.DOF.Scatter.EnableBokehSettings:0      ; no bokeh simulation when scattering]]
[2019.01.26-02.17.14:171][  0]LogConfig: Setting CVar [[r.DOF.Scatter.MaxSpriteRatio:0.04        ; only a maximum of 4% of scattered bokeh]]
[2019.01.26-02.17.14:171][  0]LogConfig: Setting CVar [[r.DOF.Recombine.Quality:0                ; no slight out of focus]]
[2019.01.26-02.17.14:171][  0]LogConfig: Setting CVar [[r.DOF.TemporalAAQuality:0                ; faster temporal accumulation]]
[2019.01.26-02.17.14:171][  0]LogConfig: Setting CVar [[r.DOF.Kernel.MaxForegroundRadius:0.012   ; required because of AccumulatorQuality=0]]
[2019.01.26-02.17.14:171][  0]LogConfig: Setting CVar [[r.DOF.Kernel.MaxBackgroundRadius:0.012   ; required because of AccumulatorQuality=0]]
[2019.01.26-02.17.14:171][  0]LogConfig: Applying CVar settings from Section [TextureQuality@2] File [D:/GameJam/GGJ-EnfantsTerribles/GGJ2019_Project/Saved/Config/Windows/Scalability.ini]
[2019.01.26-02.17.14:171][  0]LogConfig: Setting CVar [[r.Streaming.MipBias:0]]
[2019.01.26-02.17.14:171][  0]LogConfig: Setting CVar [[r.Streaming.AmortizeCPUToGPUCopy:0]]
[2019.01.26-02.17.14:171][  0]LogConfig: Setting CVar [[r.Streaming.MaxNumTexturesToStreamPerFrame:0]]
[2019.01.26-02.17.14:171][  0]LogConfig: Setting CVar [[r.Streaming.Boost:1]]
[2019.01.26-02.17.14:171][  0]LogConfig: Setting CVar [[r.MaxAnisotropy:4]]
[2019.01.26-02.17.14:171][  0]LogConfig: Setting CVar [[r.Streaming.LimitPoolSizeToVRAM:1]]
[2019.01.26-02.17.14:171][  0]LogConfig: Setting CVar [[r.Streaming.PoolSize:800]]
[2019.01.26-02.17.14:171][  0]LogConfig: Setting CVar [[r.Streaming.MaxEffectiveScreenSize:0]]
[2019.01.26-02.17.14:171][  0]LogConfig: Applying CVar settings from Section [EffectsQuality@2] File [D:/GameJam/GGJ-EnfantsTerribles/GGJ2019_Project/Saved/Config/Windows/Scalability.ini]
[2019.01.26-02.17.14:172][  0]LogConfig: Setting CVar [[r.TranslucencyLightingVolumeDim:48]]
[2019.01.26-02.17.14:172][  0]LogConfig: Setting CVar [[r.RefractionQuality:2]]
[2019.01.26-02.17.14:172][  0]LogConfig: Setting CVar [[r.SSR.Quality:2]]
[2019.01.26-02.17.14:172][  0]LogConfig: Setting CVar [[r.SceneColorFormat:3]]
[2019.01.26-02.17.14:172][  0]LogConfig: Setting CVar [[r.DetailMode:1]]
[2019.01.26-02.17.14:172][  0]LogConfig: Setting CVar [[r.TranslucencyVolumeBlur:1]]
[2019.01.26-02.17.14:172][  0]LogConfig: Setting CVar [[r.MaterialQualityLevel:1 ; High quality]]
[2019.01.26-02.17.14:172][  0]LogConfig: Setting CVar [[r.SSS.Scale:1]]
[2019.01.26-02.17.14:172][  0]LogConfig: Setting CVar [[r.SSS.SampleSet:1]]
[2019.01.26-02.17.14:172][  0]LogConfig: Setting CVar [[r.SSS.Quality:-1]]
[2019.01.26-02.17.14:172][  0]LogConfig: Setting CVar [[r.SSS.HalfRes:1]]
[2019.01.26-02.17.14:172][  0]LogConfig: Setting CVar [[r.EmitterSpawnRateScale:0.5]]
[2019.01.26-02.17.14:172][  0]LogConfig: Setting CVar [[r.ParticleLightQuality:1]]
[2019.01.26-02.17.14:172][  0]LogConfig: Applying CVar settings from Section [FoliageQuality@2] File [D:/GameJam/GGJ-EnfantsTerribles/GGJ2019_Project/Saved/Config/Windows/Scalability.ini]
[2019.01.26-02.17.14:172][  0]LogConfig: Setting CVar [[foliage.DensityScale:0.8]]
[2019.01.26-02.17.14:172][  0]LogConfig: Setting CVar [[grass.DensityScale:0.8]]
[2019.01.26-02.17.14:172][  0]LogConfig: Applying CVar settings from Section [Startup] File [../../../Engine/Config/ConsoleVariables.ini]
[2019.01.26-02.17.14:172][  0]LogConfig: Setting CVar [[net.UseAdaptiveNetUpdateFrequency:0]]
[2019.01.26-02.17.14:172][  0]LogConfig: Applying CVar settings from Section [ConsoleVariables] File [D:/GameJam/GGJ-EnfantsTerribles/GGJ2019_Project/Saved/Config/Windows/Engine.ini]
[2019.01.26-02.17.14:173][  0]LogInit: Computer: MSI
[2019.01.26-02.17.14:173][  0]LogInit: User: Lisa
[2019.01.26-02.17.14:173][  0]LogInit: CPU Page size=4096, Cores=4
[2019.01.26-02.17.14:173][  0]LogInit: High frequency timer resolution =2.742187 MHz
[2019.01.26-02.17.14:173][  0]LogMemory: Memory total: Physical=7.9GB (8GB approx)
[2019.01.26-02.17.14:173][  0]LogMemory: Platform Memory Stats for Windows
[2019.01.26-02.17.14:173][  0]LogMemory: Process Physical Memory: 102.22 MB used, 102.22 MB peak
[2019.01.26-02.17.14:173][  0]LogMemory: Process Virtual Memory: 91.40 MB used, 91.40 MB peak
[2019.01.26-02.17.14:173][  0]LogMemory: Physical Memory: 6700.64 MB used,  1376.51 MB free, 8077.15 MB total
[2019.01.26-02.17.14:173][  0]LogMemory: Virtual Memory: 4638.44 MB used,  134213088.00 MB free, 134217728.00 MB total
[2019.01.26-02.17.14:452][  0]LogInit: Using OS detected language (fr-FR).
[2019.01.26-02.17.14:452][  0]LogInit: Using OS detected locale (fr-FR).
[2019.01.26-02.17.14:453][  0]LogTextLocalizationManager: No specific localization for 'fr-FR' exists, so the 'fr' localization will be used.
[2019.01.26-02.17.14:507][  0]LogStreaming: Display: Took  0.055s to InitEngineTextLocalization.
[2019.01.26-02.17.14:507][  0]LogInit: Setting process to per monitor DPI aware
[2019.01.26-02.17.14:663][  0]LogSlate: New Slate User Created.  User Index 0, Is Virtual User: 0
[2019.01.26-02.17.14:663][  0]LogSlate: Slate User Registered.  User Index 0, Is Virtual User: 0
[2019.01.26-02.17.15:295][  0]LogHMD: Failed to initialize OpenVR with code 110
[2019.01.26-02.17.15:295][  0]LogD3D11RHI: D3D11 adapters:
[2019.01.26-02.17.15:409][  0]LogD3D11RHI:    0. 'NVIDIA GeForce GTX 1070' (Feature Level 11_0)
[2019.01.26-02.17.15:409][  0]LogD3D11RHI:       8081/0/4038 MB DedicatedVideo/DedicatedSystem/SharedSystem, Outputs:1, VendorId:0x10de
[2019.01.26-02.17.15:421][  0]LogD3D11RHI:    1. 'Intel(R) HD Graphics 630' (Feature Level 11_0)
[2019.01.26-02.17.15:422][  0]LogD3D11RHI:       128/0/4038 MB DedicatedVideo/DedicatedSystem/SharedSystem, Outputs:0, VendorId:0x8086
[2019.01.26-02.17.15:427][  0]LogD3D11RHI:    2. 'Microsoft Basic Render Driver' (Feature Level 11_0)
[2019.01.26-02.17.15:427][  0]LogD3D11RHI:       0/0/4038 MB DedicatedVideo/DedicatedSystem/SharedSystem, Outputs:0, VendorId:0x1414
[2019.01.26-02.17.15:427][  0]LogD3D11RHI: Chosen D3D11 Adapter: 0
[2019.01.26-02.17.15:470][  0]LogD3D11RHI: Creating new Direct3DDevice
[2019.01.26-02.17.15:470][  0]LogD3D11RHI:     GPU DeviceId: 0x1ba1 (for the marketing name, search the web for "GPU Device Id")
[2019.01.26-02.17.15:470][  0]LogWindows: EnumDisplayDevices:
[2019.01.26-02.17.15:470][  0]LogWindows:    0. 'Intel(R) HD Graphics 630' (P:1 D:1)
[2019.01.26-02.17.15:471][  0]LogWindows:    1. 'Intel(R) HD Graphics 630' (P:0 D:0)
[2019.01.26-02.17.15:471][  0]LogWindows:    2. 'Intel(R) HD Graphics 630' (P:0 D:0)
[2019.01.26-02.17.15:471][  0]LogWindows:    3. 'NVIDIA GeForce GTX 1070' (P:0 D:0)
[2019.01.26-02.17.15:472][  0]LogWindows:    4. 'NVIDIA GeForce GTX 1070' (P:0 D:0)
[2019.01.26-02.17.15:472][  0]LogWindows:    5. 'NVIDIA GeForce GTX 1070' (P:0 D:0)
[2019.01.26-02.17.15:472][  0]LogWindows:    6. 'NVIDIA GeForce GTX 1070' (P:0 D:0)
[2019.01.26-02.17.15:473][  0]LogWindows: DebugString: PrimaryIsNotTheChoosenAdapter PrimaryIsNotTheChoosenAdapter PrimaryIsNotTheChoosenAdapter FoundDriverCount:4 
[2019.01.26-02.17.15:473][  0]LogD3D11RHI:     Adapter Name: NVIDIA GeForce GTX 1070
[2019.01.26-02.17.15:473][  0]LogD3D11RHI:   Driver Version: 399.01 (internal:24.21.13.9901, unified:399.01)
[2019.01.26-02.17.15:473][  0]LogD3D11RHI:      Driver Date: 8-13-2018
[2019.01.26-02.17.15:473][  0]LogRHI: Texture pool is 5656 MB (70% of 8081 MB)
[2019.01.26-02.17.15:533][  0]LogD3D11RHI: Async texture creation enabled
[2019.01.26-02.17.15:553][  0]LogD3D11RHI: GPU Timing Frequency: 1000.000000 (Debug: 2 2)
[2019.01.26-02.17.16:493][  0]LogTemp: Display: Loaded TP AllDesktopTargetPlatform
[2019.01.26-02.17.16:508][  0]LogTemp: Display: Loaded TP MacClientTargetPlatform
[2019.01.26-02.17.16:525][  0]LogTemp: Display: Loaded TP MacNoEditorTargetPlatform
[2019.01.26-02.17.16:541][  0]LogTemp: Display: Loaded TP MacServerTargetPlatform
[2019.01.26-02.17.16:591][  0]LogTemp: Display: Loaded TP MacTargetPlatform
[2019.01.26-02.17.16:624][  0]LogTemp: Display: Loaded TP WindowsClientTargetPlatform
[2019.01.26-02.17.16:663][  0]LogTemp: Display: Loaded TP WindowsNoEditorTargetPlatform
[2019.01.26-02.17.16:680][  0]LogTemp: Display: Loaded TP WindowsServerTargetPlatform
[2019.01.26-02.17.16:716][  0]LogTemp: Display: Loaded TP WindowsTargetPlatform
[2019.01.26-02.17.16:836][  0]LogTemp: Display: Loaded TP AndroidTargetPlatform
[2019.01.26-02.17.16:836][  0]LogTemp: Display: Loaded TP AndroidTargetPlatform
[2019.01.26-02.17.16:836][  0]LogTemp: Display: Loaded TP AndroidTargetPlatform
[2019.01.26-02.17.16:836][  0]LogTemp: Display: Loaded TP AndroidTargetPlatform
[2019.01.26-02.17.16:836][  0]LogTemp: Display: Loaded TP AndroidTargetPlatform
[2019.01.26-02.17.16:836][  0]LogTemp: Display: Loaded TP AndroidTargetPlatform
[2019.01.26-02.17.16:836][  0]LogTemp: Display: Loaded TP AndroidTargetPlatform
[2019.01.26-02.17.16:836][  0]LogTemp: Display: Loaded TP AndroidTargetPlatform
[2019.01.26-02.17.16:836][  0]LogTemp: Display: Loaded TP AndroidTargetPlatform
[2019.01.26-02.17.16:836][  0]LogTemp: Display: Loaded TP AndroidTargetPlatform
[2019.01.26-02.17.16:836][  0]LogTemp: Display: Loaded TP AndroidTargetPlatform
[2019.01.26-02.17.16:836][  0]LogTemp: Display: Loaded TP AndroidTargetPlatform
[2019.01.26-02.17.16:836][  0]LogTemp: Display: Loaded TP AndroidTargetPlatform
[2019.01.26-02.17.16:836][  0]LogTemp: Display: Loaded TP AndroidTargetPlatform
[2019.01.26-02.17.16:836][  0]LogTemp: Display: Loaded TP AndroidTargetPlatform
[2019.01.26-02.17.16:836][  0]LogTemp: Display: Loaded TP AndroidTargetPlatform
[2019.01.26-02.17.16:836][  0]LogTemp: Display: Loaded TP AndroidTargetPlatform
[2019.01.26-02.17.16:836][  0]LogTemp: Display: Loaded TP AndroidTargetPlatform
[2019.01.26-02.17.16:908][  0]LogTemp: Display: Loaded TP HTML5TargetPlatform
[2019.01.26-02.17.17:024][  0]LogTemp: Display: Loaded TP IOSTargetPlatform
[2019.01.26-02.17.17:024][  0]LogTemp: Display: Loaded TP IOSTargetPlatform
[2019.01.26-02.17.17:061][  0]LogTemp: Display: Loaded TP TVOSTargetPlatform
[2019.01.26-02.17.17:062][  0]LogTemp: Display: Loaded TP TVOSTargetPlatform
[2019.01.26-02.17.17:271][  0]LogTemp: Display: Loaded TP LinuxClientTargetPlatform
[2019.01.26-02.17.17:285][  0]LogTemp: Display: Loaded TP LinuxNoEditorTargetPlatform
[2019.01.26-02.17.17:299][  0]LogTemp: Display: Loaded TP LinuxServerTargetPlatform
[2019.01.26-02.17.17:329][  0]LogTemp: Display: Loaded TP LinuxTargetPlatform
[2019.01.26-02.17.17:399][  0]LogTemp: Display: Loaded TP LuminTargetPlatform
[2019.01.26-02.17.17:399][  0]LogTemp: Display: Loaded TP LuminTargetPlatform
[2019.01.26-02.17.17:399][  0]LogTargetPlatformManager: Display: Building Assets For Windows
[2019.01.26-02.17.17:645][  0]LogShaderCompilers: Guid format shader working directory is -15 characters bigger than the processId version (../../../../../GameJam/GGJ-EnfantsTerribles/GGJ2019_Project/Intermediate/Shaders/WorkingDirectory/19904/).
[2019.01.26-02.17.17:645][  0]LogShaderCompilers: Cleaned the shader compiler working directory 'C:/Users/Lisa/AppData/Local/Temp/UnrealShaderWorkingDir/102D969249632B28393B198735E59A67/'.
[2019.01.26-02.17.17:659][  0]LogXGEController: Cannot use XGE Controller as Incredibuild is not installed on this machine.
[2019.01.26-02.17.17:659][  0]LogShaderCompilers: Cannot use XGE Shader Compiler as Incredibuild is not installed on this machine.
[2019.01.26-02.17.17:659][  0]LogShaderCompilers: Display: Using Local Shader Compiler.
[2019.01.26-02.17.19:000][  0]LogDerivedDataCache: Display: Max Cache Size: 512 MB
[2019.01.26-02.17.19:105][  0]LogDerivedDataCache: Loaded boot cache 0.10s 86MB C:/Users/Lisa/AppData/Local/UnrealEngine/4.21/DerivedDataCache/Boot.ddc.
[2019.01.26-02.17.19:105][  0]LogDerivedDataCache: Display: Loaded Boot cache: C:/Users/Lisa/AppData/Local/UnrealEngine/4.21/DerivedDataCache/Boot.ddc
[2019.01.26-02.17.19:105][  0]LogDerivedDataCache: FDerivedDataBackendGraph:  Pak pak cache file ../../../../../GameJam/GGJ-EnfantsTerribles/GGJ2019_Project/DerivedDataCache/DDC.ddp not found, will not use a pak cache.
[2019.01.26-02.17.19:105][  0]LogDerivedDataCache: Unable to find inner node Pak for hierarchical cache Hierarchy.
[2019.01.26-02.17.19:105][  0]LogDerivedDataCache: FDerivedDataBackendGraph:  CompressedPak pak cache file ../../../../../GameJam/GGJ-EnfantsTerribles/GGJ2019_Project/DerivedDataCache/Compressed.ddp not found, will not use a pak cache.
[2019.01.26-02.17.19:105][  0]LogDerivedDataCache: Unable to find inner node CompressedPak for hierarchical cache Hierarchy.
[2019.01.26-02.17.19:145][  0]LogDerivedDataCache: Display: Pak cache opened for reading ../../../Engine/DerivedDataCache/Compressed.ddp.
[2019.01.26-02.17.19:145][  0]LogDerivedDataCache: FDerivedDataBackendGraph:  EnterprisePak pak cache file ../../../Enterprise/DerivedDataCache/Compressed.ddp not found, will not use a pak cache.
[2019.01.26-02.17.19:145][  0]LogDerivedDataCache: Unable to find inner node EnterprisePak for hierarchical cache Hierarchy.
[2019.01.26-02.17.19:158][  0]LogDerivedDataCache: Using Local data cache path C:/Users/Lisa/AppData/Local/UnrealEngine/Common/DerivedDataCache: Writable
[2019.01.26-02.17.19:158][  0]LogDerivedDataCache: Shared data cache path not found in *engine.ini, will not use an Shared cache.
[2019.01.26-02.17.19:158][  0]LogDerivedDataCache: Unable to find inner node Shared for hierarchical cache Hierarchy.
[2019.01.26-02.17.19:187][  0]LogMaterial: Verifying Global Shaders for PCD3D_SM5
[2019.01.26-02.17.19:189][  0]LogSlate: Using FreeType 2.6.0
[2019.01.26-02.17.19:202][  0]LogSlate: SlateFontServices - WITH_FREETYPE: 1, WITH_HARFBUZZ: 1
[2019.01.26-02.17.19:370][  0]LogAssetRegistry: FAssetRegistry took 0.0409 seconds to start up
[2019.01.26-02.17.19:899][  0]LogInit: Selected Device Profile: [Windows]
[2019.01.26-02.17.20:534][  0]LogSimplygon: Simplygon DLL not present - disabling.
[2019.01.26-02.17.20:647][  0]LogMeshReduction: Using SimplygonSwarm for distributed automatic mesh merging
[2019.01.26-02.17.20:648][  0]LogMeshReduction: Using ProxyLODMeshReduction for automatic mesh merging
[2019.01.26-02.17.20:648][  0]LogMeshReduction: Using QuadricMeshReduction for automatic static mesh reduction
[2019.01.26-02.17.20:648][  0]LogMeshReduction: No automatic skeletal mesh reduction module available
[2019.01.26-02.17.20:664][  0]LogNetVersion: GGJ2019_Project 1.0.0, NetCL: 4541578, EngineNetVer: 5, GameNetVer: 0 (Checksum: 3567273167)
[2019.01.26-02.17.21:749][  0]LogPackageLocalizationCache: Processed 11 localized package path(s) for 2 prioritized culture(s) in 0.354143 seconds
[2019.01.26-02.17.21:759][  0]LogUObjectArray: 39775 objects as part of root set at end of initial load.
[2019.01.26-02.17.21:759][  0]LogUObjectAllocator: 6914664 out of 0 bytes used by permanent object pool.
[2019.01.26-02.17.21:759][  0]LogUObjectArray: CloseDisregardForGC: 0/0 objects in disregard for GC pool
[2019.01.26-02.17.22:917][  0]LogTcpMessaging: Initializing TcpMessaging bridge
[2019.01.26-02.17.22:935][  0]LogUdpMessaging: Initializing bridge on interface 0.0.0.0:0 to multicast group 230.0.0.1:6666.
[2019.01.26-02.17.23:880][  0]SourceControl: Source control is disabled
[2019.01.26-02.17.23:880][  0]SourceControl: Source control is disabled
[2019.01.26-02.17.23:882][  0]SourceControl: Source control is disabled
[2019.01.26-02.17.23:883][  0]SourceControl: Source control is disabled
[2019.01.26-02.17.24:102][  0]LogAndroidPermission: UAndroidPermissionCallbackProxy::GetInstance
[2019.01.26-02.17.24:169][  0]LogOcInput: OculusInput pre-init called
[2019.01.26-02.17.24:316][  0]LogEngine: Initializing Engine...
[2019.01.26-02.17.24:317][  0]LogHMD: Failed to initialize OpenVR with code 110
[2019.01.26-02.17.24:318][  0]LogStats: UGameplayTagsManager::ConstructGameplayTagTree: ImportINI prefixes -  0.000 s
[2019.01.26-02.17.24:318][  0]LogStats: UGameplayTagsManager::ConstructGameplayTagTree: Construct from data asset -  0.000 s
[2019.01.26-02.17.24:318][  0]LogStats: UGameplayTagsManager::ConstructGameplayTagTree: ImportINI -  0.000 s
[2019.01.26-02.17.24:318][  0]LogStats: UGameplayTagsManager::ConstructGameplayTagTree: GameplayTagTreeChangedEvent.Broadcast -  0.000 s
[2019.01.26-02.17.24:647][  0]LogInit: Initializing FReadOnlyCVARCache
[2019.01.26-02.17.24:668][  0]LogAIModule: Creating AISystem for world Untitled
[2019.01.26-02.17.24:763][  0]LogInit: XAudio2 using 'Speakers (Realtek High Definition Audio)' : 2 channels at 48 kHz using 32 bits per sample (channel mask 0x3)
[2019.01.26-02.17.24:939][  0]LogInit: FAudioDevice initialized.
[2019.01.26-02.17.24:939][  0]LogNetVersion: Set ProjectVersion to 1.0.0.0. Version Checksum will be recalculated on next use.
[2019.01.26-02.17.25:091][  0]LogDerivedDataCache: Saved boot cache 0.15s 86MB C:/Users/Lisa/AppData/Local/UnrealEngine/4.21/DerivedDataCache/Boot.ddc.
[2019.01.26-02.17.25:104][  0]LogInit: Texture streaming: Enabled
[2019.01.26-02.17.25:131][  0]LogEngineSessionManager: EngineSessionManager initialized
[2019.01.26-02.17.25:168][  0]LogInit: Transaction tracking system initialized
[2019.01.26-02.17.25:191][  0]BlueprintLog: New page: Editor Load
[2019.01.26-02.17.25:271][  0]LocalizationService: Localization service is disabled
[2019.01.26-02.17.26:024][  0]LogFileCache: Scanning file cache for directory 'D:/GameJam/GGJ-EnfantsTerribles/GGJ2019_Project/Content/' took 0.03s
[2019.01.26-02.17.26:024][  0]LogCook: Display: Max memory allowance for cook 16384mb min free memory 0mb
[2019.01.26-02.17.26:024][  0]LogCook: Display: Mobile HDR setting 1
[2019.01.26-02.17.26:042][  0]LogGameplayTags: Display: UGameplayTagsManager::DoneAddingNativeTags. DelegateIsBound: 0
[2019.01.26-02.17.26:043][  0]LogStats: UGameplayTagsManager::ConstructGameplayTagTree: ImportINI prefixes -  0.000 s
[2019.01.26-02.17.26:043][  0]LogStats: UGameplayTagsManager::ConstructGameplayTagTree: Construct from data asset -  0.000 s
[2019.01.26-02.17.26:043][  0]LogStats: UGameplayTagsManager::ConstructGameplayTagTree: ImportINI -  0.000 s
[2019.01.26-02.17.26:043][  0]LogStats: UGameplayTagsManager::ConstructGameplayTagTree: GameplayTagTreeChangedEvent.Broadcast -  0.000 s
[2019.01.26-02.17.26:207][  0]SourceControl: Source control is disabled
[2019.01.26-02.17.26:207][  0]Cmd: MAP LOAD FILE="../../../../../GameJam/GGJ-EnfantsTerribles/GGJ2019_Project/Content/FirstPersonBP/Maps/FirstPersonExampleMap.umap" TEMPLATE=0 SHOWPROGRESS=1 FEATURELEVEL=3
[2019.01.26-02.17.26:208][  0]LightingResults: New page: Lighting Build
[2019.01.26-02.17.26:211][  0]MapCheck: New page: Map Check
[2019.01.26-02.17.26:211][  0]LightingResults: New page: Lighting Build
[2019.01.26-02.17.32:587][  0]LogTexture: Display: Building textures: HQ_Lightmap0_5 (AutoDXT, 64X64)
[2019.01.26-02.17.33:377][  0]LogTexture: Display: Building textures: HQ_Lightmap0_4 (AutoDXT, 2048X2048)
[2019.01.26-02.17.33:377][  0]LogTexture: Display: Building textures: HQ_Lightmap0_1 (AutoDXT, 2048X2048)
[2019.01.26-02.17.33:377][  0]LogTexture: Display: Building textures: HQ_Lightmap0_2 (AutoDXT, 2048X2048)
[2019.01.26-02.17.33:377][  0]LogTexture: Display: Building textures: LQ_Lightmap_0_1 (DXT1, 2048X2048)
[2019.01.26-02.17.33:377][  0]LogTexture: Display: Building textures: HQ_Lightmap0_3 (AutoDXT, 2048X2048)
[2019.01.26-02.17.33:377][  0]LogTexture: Display: Building textures: LQ_Lightmap_0_2 (DXT1, 2048X2048)
[2019.01.26-02.17.33:377][  0]LogTexture: Display: Building textures: LQ_Lightmap_0_5 (DXT1, 64X64)
[2019.01.26-02.17.33:377][  0]LogTexture: Display: Building textures: LQ_Lightmap_0_3 (DXT1, 2048X2048)
[2019.01.26-02.17.33:377][  0]LogTexture: Display: Building textures: LQ_Lightmap_0_4 (DXT1, 2048X2048)
[2019.01.26-02.17.33:377][  0]LogTexture: Display: Building textures: SkyOcclusion0_1 (AutoDXT, 2048X1024)
[2019.01.26-02.17.33:377][  0]LogTexture: Display: Building textures: SkyOcclusion0_2 (AutoDXT, 2048X1024)
[2019.01.26-02.17.33:377][  0]LogTexture: Display: Building textures: SkyOcclusion0_3 (AutoDXT, 2048X1024)
[2019.01.26-02.17.33:377][  0]LogTexture: Display: Building textures: SkyOcclusion0_5 (AutoDXT, 64X32)
[2019.01.26-02.17.33:377][  0]LogTexture: Display: Building textures: ShadowMapTexture2D_1 (G8, 2048X1024)
[2019.01.26-02.17.33:378][  0]LogTexture: Display: Building textures: ShadowMapTexture2D_0 (G8, 2048X1024)
[2019.01.26-02.17.33:378][  0]LogTexture: Display: Building textures: ShadowMapTexture2D_2 (G8, 2048X1024)
[2019.01.26-02.17.33:378][  0]LogTexture: Display: Building textures: SkyOcclusion0_4 (AutoDXT, 2048X1024)
[2019.01.26-02.17.33:378][  0]LogTexture: Display: Building textures: ShadowMapTexture2D_3 (G8, 2048X1024)
[2019.01.26-02.17.34:541][  0]LogTexture: Display: Building textures: ShadowMapTexture2D_4 (G8, 2048X1024)
[2019.01.26-02.17.34:541][  0]LogTexture: Display: Building textures: ShadowMapTexture2D_5 (G8, 2048X1024)
[2019.01.26-02.17.34:541][  0]LogTexture: Display: Building textures: ShadowMapTexture2D_6 (G8, 2048X1024)
[2019.01.26-02.17.34:541][  0]LogTexture: Display: Building textures: ShadowMapTexture2D_7 (G8, 64X32)
[2019.01.26-02.17.39:762][  0]LogAIModule: Creating AISystem for world FirstPersonExampleMap
[2019.01.26-02.17.43:774][  0]LogEditorServer: Finished looking for orphan Actors (0.002 secs)
[2019.01.26-02.17.47:517][  0]Cmd: MAP CHECKDEP NOCLEARLOG
[2019.01.26-02.17.47:546][  0]MapCheck: Map check complete: 0 Error(s), 0 Warning(s), took 0,349ms to complete.
[2019.01.26-02.17.47:609][  0]LogFileHelpers: Loading map 'FirstPersonExampleMap' took 21.402
[2019.01.26-02.17.56:520][  0]LogSlate: Updating window title bar state: overlay mode, drag disabled, window buttons hidden, title bar hidden
[2019.01.26-02.17.56:531][  0]LogSlate: Updating window title bar state: overlay mode, drag disabled, window buttons hidden, title bar hidden
[2019.01.26-02.17.56:538][  0]LogSlate: Updating window title bar state: overlay mode, drag disabled, window buttons hidden, title bar hidden
[2019.01.26-02.17.56:551][  0]LogSlate: Updating window title bar state: overlay mode, drag disabled, window buttons hidden, title bar hidden
[2019.01.26-02.17.56:881][  0]LogCollectionManager: Loaded 0 collections in 0.003434 seconds
[2019.01.26-02.17.57:230][  0]LogFileCache: Scanning file cache for directory 'D:/GameJam/GGJ-EnfantsTerribles/GGJ2019_Project/Saved/Collections/' took 0.03s
[2019.01.26-02.17.57:231][  0]LogFileCache: Scanning file cache for directory 'D:/GameJam/GGJ-EnfantsTerribles/GGJ2019_Project/Content/Developers/Lisa/Collections/' took 0.01s
[2019.01.26-02.17.57:231][  0]LogFileCache: Scanning file cache for directory 'D:/GameJam/GGJ-EnfantsTerribles/GGJ2019_Project/Content/Collections/' took 0.01s
[2019.01.26-02.17.57:231][  0]LogCollectionManager: Rebuilt the GUID cache for 0 collections in 0.000000 seconds
[2019.01.26-02.17.57:273][  0]LogContentBrowser: Native class hierarchy populated in 0.0296 seconds. Added 2651 classes and 620 folders.
[2019.01.26-02.17.57:810][  0]LogContentBrowser: Native class hierarchy updated for 'WidgetCarousel' in 0.0005 seconds. Added 0 classes and 0 folders.
[2019.01.26-02.17.57:949][  0]LogPakFile: Registered encryption key '00000000000000000000000000000000': 0 pak files mounted, 0 remain pending
[2019.01.26-02.17.58:047][  0]LogPakFile: Registered encryption key '00000000000000000000000000000000': 0 pak files mounted, 0 remain pending
[2019.01.26-02.17.58:094][  0]LogPakFile: Registered encryption key '00000000000000000000000000000000': 0 pak files mounted, 0 remain pending
[2019.01.26-02.17.58:112][  0]LogPakFile: Registered encryption key '00000000000000000000000000000000': 0 pak files mounted, 0 remain pending
[2019.01.26-02.17.58:114][  0]LogPakFile: Registered encryption key '00000000000000000000000000000000': 0 pak files mounted, 0 remain pending
[2019.01.26-02.17.58:115][  0]LogPakFile: Registered encryption key '00000000000000000000000000000000': 0 pak files mounted, 0 remain pending
[2019.01.26-02.17.58:148][  0]LogPakFile: Registered encryption key '00000000000000000000000000000000': 0 pak files mounted, 0 remain pending
[2019.01.26-02.17.58:151][  0]LogPakFile: Registered encryption key '00000000000000000000000000000000': 0 pak files mounted, 0 remain pending
[2019.01.26-02.17.58:154][  0]LogPakFile: Registered encryption key '00000000000000000000000000000000': 0 pak files mounted, 0 remain pending
[2019.01.26-02.17.58:157][  0]LogPakFile: Registered encryption key '00000000000000000000000000000000': 0 pak files mounted, 0 remain pending
[2019.01.26-02.17.58:159][  0]LogPakFile: Registered encryption key '00000000000000000000000000000000': 0 pak files mounted, 0 remain pending
[2019.01.26-02.17.58:161][  0]LogPakFile: Registered encryption key '00000000000000000000000000000000': 0 pak files mounted, 0 remain pending
[2019.01.26-02.17.58:212][  0]LogPakFile: Registered encryption key '00000000000000000000000000000000': 0 pak files mounted, 0 remain pending
[2019.01.26-02.17.58:226][  0]LogPakFile: Registered encryption key '00000000000000000000000000000000': 0 pak files mounted, 0 remain pending
[2019.01.26-02.17.58:250][  0]LogPakFile: Registered encryption key '00000000000000000000000000000000': 0 pak files mounted, 0 remain pending
[2019.01.26-02.17.58:252][  0]LogPakFile: Registered encryption key '00000000000000000000000000000000': 0 pak files mounted, 0 remain pending
[2019.01.26-02.17.58:254][  0]LogPakFile: Registered encryption key '00000000000000000000000000000000': 0 pak files mounted, 0 remain pending
[2019.01.26-02.17.58:258][  0]LogPakFile: Registered encryption key '00000000000000000000000000000000': 0 pak files mounted, 0 remain pending
[2019.01.26-02.17.58:276][  0]LogPakFile: Registered encryption key '00000000000000000000000000000000': 0 pak files mounted, 0 remain pending
[2019.01.26-02.17.58:278][  0]LogPakFile: Registered encryption key '00000000000000000000000000000000': 0 pak files mounted, 0 remain pending
[2019.01.26-02.17.58:281][  0]LogPakFile: Registered encryption key '00000000000000000000000000000000': 0 pak files mounted, 0 remain pending
[2019.01.26-02.17.58:285][  0]LogPakFile: Registered encryption key '00000000000000000000000000000000': 0 pak files mounted, 0 remain pending
[2019.01.26-02.17.58:287][  0]LogPakFile: Registered encryption key '00000000000000000000000000000000': 0 pak files mounted, 0 remain pending
[2019.01.26-02.17.58:305][  0]LogPakFile: Registered encryption key '00000000000000000000000000000000': 0 pak files mounted, 0 remain pending
[2019.01.26-02.17.58:307][  0]LogPakFile: Registered encryption key '00000000000000000000000000000000': 0 pak files mounted, 0 remain pending
[2019.01.26-02.17.58:309][  0]LogPakFile: Registered encryption key '00000000000000000000000000000000': 0 pak files mounted, 0 remain pending
[2019.01.26-02.17.58:989][  0]LogContentBrowser: Native class hierarchy updated for 'AddContentDialog' in 0.0004 seconds. Added 0 classes and 0 folders.
[2019.01.26-02.17.59:319][  0]LogContentBrowser: Native class hierarchy updated for 'SceneOutliner' in 0.0003 seconds. Added 1 classes and 2 folders.
[2019.01.26-02.18.03:369][  0]LogSlate: Took 0.016724 seconds to synchronously load lazily loaded font '../../../Engine/Content/Slate/Fonts/Roboto-Regular.ttf' (155K)
[2019.01.26-02.18.03:381][  0]LogSlate: Took 0.008941 seconds to synchronously load lazily loaded font '../../../Engine/Content/Slate/Fonts/Roboto-Bold.ttf' (160K)
[2019.01.26-02.18.03:470][  0]LogSlate: Took 0.025987 seconds to synchronously load lazily loaded font '../../../Engine/Content/Editor/Slate/Fonts/FontAwesome.ttf' (139K)
[2019.01.26-02.18.04:265][  0]LogRenderer: Reallocating scene render targets to support 892x664 Format 9 NumSamples 1 (Frame:1).
[2019.01.26-02.18.06:857][  0]LogContentBrowser: Native class hierarchy updated for 'HierarchicalLODOutliner' in 0.0006 seconds. Added 0 classes and 0 folders.
[2019.01.26-02.18.06:872][  0]LogLoad: (Engine Initialization) Total time: 70.44 seconds
[2019.01.26-02.18.06:873][  0]LogLoad: (Engine Initialization) Total Blueprint compile time: 0.00 seconds
[2019.01.26-02.18.07:463][  0]LogContentStreaming: Texture pool size now 800 MB
[2019.01.26-02.18.07:745][  0]LogSlate: Took 0.016464 seconds to synchronously load lazily loaded font '../../../Engine/Content/Slate/Fonts/Roboto-Light.ttf' (167K)
[2019.01.26-02.18.08:576][  5]LogAssetRegistry: Asset discovery search completed in 49.2284 seconds
[2019.01.26-02.18.08:579][  5]LogCollectionManager: Rebuilt the object cache for 0 collections in 0.000000 seconds (found 0 objects)
[2019.01.26-02.18.08:579][  5]LogCollectionManager: Fixed up redirectors for 0 collections in 0.000078 seconds (updated 0 objects)
[2019.01.26-02.18.11:929][121]LogSlate: FSceneViewport::OnFocusLost() reason 0
[2019.01.26-02.18.14:719][190]LogSlate: Took 0.000841 seconds to synchronously load lazily loaded font '../../../Engine/Content/Slate/Fonts/Roboto-Light.ttf' (167K)
[2019.01.26-02.18.17:328][190]LogAIModule: Creating AISystem for world DevMap
[2019.01.26-02.18.17:441][190]LogAssetEditorManager: Opening Asset editor for World /Game/FirstPersonBP/Maps/DevMap.DevMap
[2019.01.26-02.18.17:618][190]Cmd: MAP LOAD FILE="../../../../../GameJam/GGJ-EnfantsTerribles/GGJ2019_Project/Content/FirstPersonBP/Maps/DevMap.umap" TEMPLATE=0 SHOWPROGRESS=1 FEATURELEVEL=3
[2019.01.26-02.18.17:618][190]LightingResults: New page: Lighting Build
[2019.01.26-02.18.17:939][190]LoadErrors: New page: Loading map: DevMap.umap
[2019.01.26-02.18.18:329][190]MapCheck: New page: Map Check
[2019.01.26-02.18.18:329][190]LightingResults: New page: Lighting Build
[2019.01.26-02.18.19:115][190]LogEditorServer: Finished looking for orphan Actors (0.000 secs)
[2019.01.26-02.18.19:171][190]Cmd: MAP CHECKDEP NOCLEARLOG
[2019.01.26-02.18.19:172][190]MapCheck: Map check complete: 0 Error(s), 0 Warning(s), took 0,081ms to complete.
[2019.01.26-02.18.19:172][190]LogFileHelpers: Loading map 'DevMap' took 1.612
[2019.01.26-02.18.29:651][776]LogSlate: FSceneViewport::OnFocusLost() reason 0
[2019.01.26-02.18.29:998][785]LogRenderer: Reallocating scene render targets to support 904x664 Format 9 NumSamples 1 (Frame:619).
[2019.01.26-02.18.30:077][786]LogRenderer: Reallocating scene render targets to support 968x664 Format 9 NumSamples 1 (Frame:621).
[2019.01.26-02.18.30:141][787]LogRenderer: Reallocating scene render targets to support 984x664 Format 9 NumSamples 1 (Frame:623).
[2019.01.26-02.18.30:199][788]LogRenderer: Reallocating scene render targets to support 996x664 Format 9 NumSamples 1 (Frame:625).
[2019.01.26-02.18.30:247][789]LogRenderer: Reallocating scene render targets to support 1016x664 Format 9 NumSamples 1 (Frame:627).
[2019.01.26-02.18.30:297][790]LogRenderer: Reallocating scene render targets to support 1032x664 Format 9 NumSamples 1 (Frame:629).
[2019.01.26-02.18.30:350][791]LogRenderer: Reallocating scene render targets to support 1056x664 Format 9 NumSamples 1 (Frame:631).
[2019.01.26-02.18.30:398][792]LogRenderer: Reallocating scene render targets to support 1084x664 Format 9 NumSamples 1 (Frame:633).
[2019.01.26-02.18.30:450][793]LogRenderer: Reallocating scene render targets to support 1092x664 Format 9 NumSamples 1 (Frame:635).
[2019.01.26-02.18.30:650][802]LogRenderer: Reallocating scene render targets to support 1096x664 Format 9 NumSamples 1 (Frame:639).
[2019.01.26-03.42.05:199][716]LogSlate: FSceneViewport::OnFocusLost() reason 0
[2019.01.26-03.42.09:524][716]LogSlate: Window 'GGJ2019_Project - Unreal Editor' being destroyed
[2019.01.26-03.42.20:448][717]Cmd: QUIT_EDITOR
